E:\COT\SOURCES\COT VERSION 1\COT VERSION 1\X64\DEBUG\QRC_COTVERSION1.OBJ
E:\COT\SOURCES\COT VERSION 1\COT VERSION 1\X64\DEBUG\VC110.PDB
E:\COT\SOURCES\COT VERSION 1\COT VERSION 1\X64\DEBUG\MAIN.OBJ
E:\COT\SOURCES\COT VERSION 1\COT VERSION 1\X64\DEBUG\COTVERSION1.OBJ
E:\COT\SOURCES\COT VERSION 1\COT VERSION 1\X64\DEBUG\MOC_COTVERSION1.OBJ
E:\COT\SOURCES\COT VERSION 1\COT VERSION 1\X64\DEBUG\IVARIABLE.OBJ
E:\COT\SOURCES\COT VERSION 1\COT VERSION 1\X64\DEBUG\MOC_IVARIABLE.OBJ
E:\COT\SOURCES\COT VERSION 1\COT VERSION 1\X64\DEBUG\MOC_CVARINT.OBJ
E:\COT\SOURCES\COT VERSION 1\COT VERSION 1\X64\DEBUG\CVARINT.OBJ
E:\COT\SOURCES\COT VERSION 1\COT VERSION 1\X64\DEBUG\MOC_CINT.OBJ
E:\COT\SOURCES\COT VERSION 1\COT VERSION 1\X64\DEBUG\CINT.OBJ
E:\COT\SOURCES\COT VERSION 1\COT VERSION 1\X64\DEBUG\MOC_CVOIE.OBJ
E:\COT\SOURCES\COT VERSION 1\COT VERSION 1\X64\DEBUG\CVOIE.OBJ
E:\COT\SOURCES\COT VERSION 1\COT VERSION 1\X64\DEBUG\ILISTVARIABLE.OBJ
E:\COT\SOURCES\COT VERSION 1\COT VERSION 1\X64\DEBUG\MOC_ILISTVARIABLE.OBJ
E:\COT\SOURCES\COT VERSION 1\COT VERSION 1\X64\DEBUG\MOC_CAUTOMATE.OBJ
E:\COT\SOURCES\COT VERSION 1\COT VERSION 1\X64\DEBUG\CAUTOMATE.OBJ
E:\COT\SOURCES\COT VERSION 1\COT VERSION 1\X64\DEBUG\MOC_CCONTROLERAUTOMATE.OBJ
E:\COT\SOURCES\COT VERSION 1\COT VERSION 1\X64\DEBUG\CCONTROLERAUTOMATE.OBJ
E:\COT\SOURCES\COT VERSION 1\COT VERSION 1\X64\DEBUG\ICYCLE.OBJ
E:\COT\SOURCES\COT VERSION 1\COT VERSION 1\X64\DEBUG\IACTION.OBJ
E:\COT\SOURCES\COT VERSION 1\COT VERSION 1\X64\DEBUG\MOC_ICYCLE.OBJ
E:\COT\SOURCES\COT VERSION 1\COT VERSION 1\X64\DEBUG\MOC_IACTION.OBJ
E:\COT\SOURCES\COT VERSION 1\COT VERSION 1\X64\DEBUG\MOC_CCYCLEMESURE.OBJ
E:\COT\SOURCES\COT VERSION 1\COT VERSION 1\X64\DEBUG\MOC_CACTIONCMDPOMPE.OBJ
E:\COT\SOURCES\COT VERSION 1\COT VERSION 1\X64\DEBUG\CCYCLEMESURE.OBJ
E:\COT\SOURCES\COT VERSION 1\COT VERSION 1\X64\DEBUG\CACTIONCMDPOMPE.OBJ
E:\COT\SOURCES\COT VERSION 1\COT VERSION 1\X64\DEBUG\MOC_CCONTROLERCYCLE.OBJ
E:\COT\SOURCES\COT VERSION 1\COT VERSION 1\X64\DEBUG\CCONTROLERCYCLE.OBJ
E:\COT\SOURCES\COT VERSION 1\COT VERSION 1\X64\DEBUG\MOC_CSEQUENCEUR.OBJ
E:\COT\SOURCES\COT VERSION 1\COT VERSION 1\X64\DEBUG\MOC_CCYCLEPAUSE.OBJ
E:\COT\SOURCES\COT VERSION 1\COT VERSION 1\X64\DEBUG\MOC_CCYCLEMAINTENANCE.OBJ
E:\COT\SOURCES\COT VERSION 1\COT VERSION 1\X64\DEBUG\MOC_CCYCLEAUTONOME.OBJ
E:\COT\SOURCES\COT VERSION 1\COT VERSION 1\X64\DEBUG\CSEQUENCEUR.OBJ
E:\COT\SOURCES\COT VERSION 1\COT VERSION 1\X64\DEBUG\CRUNNABLECYCLE.OBJ
E:\COT\SOURCES\COT VERSION 1\COT VERSION 1\X64\DEBUG\CCYCLEPAUSE.OBJ
E:\COT\SOURCES\COT VERSION 1\COT VERSION 1\X64\DEBUG\CCYCLEMAINTENANCE.OBJ
E:\COT\SOURCES\COT VERSION 1\COT VERSION 1\X64\DEBUG\CCYCLEAUTONOME.OBJ
E:\COT\SOURCES\COT VERSION 1\COT VERSION 1\X64\DEBUG\MOC_CMODELCONFIGFILE.OBJ
E:\COT\SOURCES\COT VERSION 1\COT VERSION 1\X64\DEBUG\CMODELCONFIGFILE.OBJ
E:\COT\SOURCES\COT VERSION 1\COT VERSION 1\X64\DEBUG\MOC_CACTIONCMDRELAY.OBJ
E:\COT\SOURCES\COT VERSION 1\COT VERSION 1\X64\DEBUG\CACTIONCMDRELAY.OBJ
E:\COT\SOURCES\COT VERSION 1\COT VERSION 1\GENERATEDFILES\QRC_COTVERSION1.CPP
E:\COT\SOURCES\COT VERSION 1\COT VERSION 1\GENERATEDFILES\DEBUG\MOC_COTVERSION1.CPP
E:\COT\SOURCES\COT VERSION 1\COT VERSION 1\GENERATEDFILES\DEBUG\MOC_IVARIABLE.CPP
E:\COT\SOURCES\COT VERSION 1\COT VERSION 1\GENERATEDFILES\DEBUG\MOC_CVOIE.CPP
E:\COT\SOURCES\COT VERSION 1\COT VERSION 1\GENERATEDFILES\DEBUG\MOC_CINT.CPP
E:\COT\SOURCES\COT VERSION 1\COT VERSION 1\GENERATEDFILES\DEBUG\MOC_CCONTROLERAUTOMATE.CPP
E:\COT\SOURCES\COT VERSION 1\COT VERSION 1\GENERATEDFILES\DEBUG\MOC_CCONTROLERCYCLE.CPP
E:\COT\SOURCES\COT VERSION 1\COT VERSION 1\GENERATEDFILES\DEBUG\MOC_CCYCLEAUTONOME.CPP
E:\COT\SOURCES\COT VERSION 1\COT VERSION 1\GENERATEDFILES\DEBUG\MOC_CCYCLEMAINTENANCE.CPP
E:\COT\SOURCES\COT VERSION 1\COT VERSION 1\GENERATEDFILES\DEBUG\MOC_CCYCLEPAUSE.CPP
E:\COT\SOURCES\COT VERSION 1\COT VERSION 1\GENERATEDFILES\DEBUG\MOC_ICYCLE.CPP
E:\COT\SOURCES\COT VERSION 1\COT VERSION 1\GENERATEDFILES\DEBUG\MOC_IACTION.CPP
E:\COT\SOURCES\COT VERSION 1\COT VERSION 1\GENERATEDFILES\DEBUG\MOC_CCYCLEMESURE.CPP
E:\COT\SOURCES\COT VERSION 1\COT VERSION 1\GENERATEDFILES\DEBUG\MOC_CACTIONCMDPOMPE.CPP
E:\COT\SOURCES\COT VERSION 1\COT VERSION 1\GENERATEDFILES\DEBUG\MOC_CACTIONCMDRELAY.CPP
E:\COT\SOURCES\COT VERSION 1\COT VERSION 1\GENERATEDFILES\DEBUG\MOC_CMODELCONFIGFILE.CPP
E:\COT\SOURCES\COT VERSION 1\COT VERSION 1\GENERATEDFILES\DEBUG\MOC_CAUTOMATE.CPP
E:\COT\SOURCES\COT VERSION 1\COT VERSION 1\GENERATEDFILES\DEBUG\MOC_CSEQUENCEUR.CPP
E:\COT\sources\COT version 1\COT version 1\x64\Debug\CActionCmdPompe.obj
E:\COT\sources\COT version 1\COT version 1\x64\Debug\CActionCmdRelay.obj
E:\COT\sources\COT version 1\COT version 1\x64\Debug\CAutomate.obj
E:\COT\sources\COT version 1\COT version 1\x64\Debug\CControlerAutomate.obj
E:\COT\sources\COT version 1\COT version 1\x64\Debug\CControlerCycle.obj
E:\COT\sources\COT version 1\COT version 1\x64\Debug\CCycleAutonome.obj
E:\COT\sources\COT version 1\COT version 1\x64\Debug\CCycleMaintenance.obj
E:\COT\sources\COT version 1\COT version 1\x64\Debug\CCycleMesure.obj
E:\COT\sources\COT version 1\COT version 1\x64\Debug\CCyclePause.obj
E:\COT\sources\COT version 1\COT version 1\x64\Debug\CInt.obj
E:\COT\sources\COT version 1\COT version 1\x64\Debug\CModelConfigFile.obj
E:\COT\sources\COT version 1\COT version 1\x64\Debug\cotversion1.obj
E:\COT\sources\COT version 1\COT version 1\x64\Debug\CRunnableCycle.obj
E:\COT\sources\COT version 1\COT version 1\x64\Debug\CSequenceur.obj
E:\COT\sources\COT version 1\COT version 1\x64\Debug\cvarint.obj
E:\COT\sources\COT version 1\COT version 1\x64\Debug\CVoie.obj
E:\COT\sources\COT version 1\COT version 1\x64\Debug\IAction.obj
E:\COT\sources\COT version 1\COT version 1\x64\Debug\ICycle.obj
E:\COT\sources\COT version 1\COT version 1\x64\Debug\IListVariable.obj
E:\COT\sources\COT version 1\COT version 1\x64\Debug\ivariable.obj
E:\COT\sources\COT version 1\COT version 1\x64\Debug\main.obj
E:\COT\sources\COT version 1\COT version 1\x64\Debug\moc_CActionCmdPompe.obj
E:\COT\sources\COT version 1\COT version 1\x64\Debug\moc_CActionCmdRelay.obj
E:\COT\sources\COT version 1\COT version 1\x64\Debug\moc_CAutomate.obj
E:\COT\sources\COT version 1\COT version 1\x64\Debug\moc_CControlerAutomate.obj
E:\COT\sources\COT version 1\COT version 1\x64\Debug\moc_CControlerCycle.obj
E:\COT\sources\COT version 1\COT version 1\x64\Debug\moc_CCycleAutonome.obj
E:\COT\sources\COT version 1\COT version 1\x64\Debug\moc_CCycleMaintenance.obj
E:\COT\sources\COT version 1\COT version 1\x64\Debug\moc_CCycleMesure.obj
E:\COT\sources\COT version 1\COT version 1\x64\Debug\moc_CCyclePause.obj
E:\COT\sources\COT version 1\COT version 1\x64\Debug\moc_CInt.obj
E:\COT\sources\COT version 1\COT version 1\x64\Debug\moc_CModelConfigFile.obj
E:\COT\sources\COT version 1\COT version 1\x64\Debug\moc_cotversion1.obj
E:\COT\sources\COT version 1\COT version 1\x64\Debug\moc_CSequenceur.obj
E:\COT\sources\COT version 1\COT version 1\x64\Debug\moc_cvarint.obj
E:\COT\sources\COT version 1\COT version 1\x64\Debug\moc_CVoie.obj
E:\COT\sources\COT version 1\COT version 1\x64\Debug\moc_IAction.obj
E:\COT\sources\COT version 1\COT version 1\x64\Debug\moc_ICycle.obj
E:\COT\sources\COT version 1\COT version 1\x64\Debug\moc_IListVariable.obj
E:\COT\sources\COT version 1\COT version 1\x64\Debug\moc_ivariable.obj
E:\COT\sources\COT version 1\COT version 1\x64\Debug\qrc_cotversion1.obj
E:\COT\sources\COT version 1\COT version 1\x64\Debug\cl.command.1.tlog
E:\COT\sources\COT version 1\COT version 1\x64\Debug\CL.read.1.tlog
E:\COT\sources\COT version 1\COT version 1\x64\Debug\CL.write.1.tlog
E:\COT\sources\COT version 1\COT version 1\x64\Debug\custombuild.command.1.tlog
E:\COT\sources\COT version 1\COT version 1\x64\Debug\custombuild.read.1.tlog
E:\COT\sources\COT version 1\COT version 1\x64\Debug\custombuild.write.1.tlog
E:\COT\sources\COT version 1\COT version 1\x64\Debug\link-cvtres.read.1.tlog
E:\COT\sources\COT version 1\COT version 1\x64\Debug\link-cvtres.write.1.tlog
E:\COT\sources\COT version 1\COT version 1\x64\Debug\link-rc.read.1.tlog
E:\COT\sources\COT version 1\COT version 1\x64\Debug\link-rc.write.1.tlog
E:\COT\sources\COT version 1\COT version 1\x64\Debug\link.1248-cvtres.read.1.tlog
E:\COT\sources\COT version 1\COT version 1\x64\Debug\link.1248-cvtres.write.1.tlog
E:\COT\sources\COT version 1\COT version 1\x64\Debug\link.1248-rc.read.1.tlog
E:\COT\sources\COT version 1\COT version 1\x64\Debug\link.1248-rc.write.1.tlog
E:\COT\sources\COT version 1\COT version 1\x64\Debug\link.1248.read.1.tlog
E:\COT\sources\COT version 1\COT version 1\x64\Debug\link.1248.write.1.tlog
E:\COT\sources\COT version 1\COT version 1\x64\Debug\link.1256-cvtres.read.1.tlog
E:\COT\sources\COT version 1\COT version 1\x64\Debug\link.1256-cvtres.write.1.tlog
E:\COT\sources\COT version 1\COT version 1\x64\Debug\link.1256-rc.read.1.tlog
E:\COT\sources\COT version 1\COT version 1\x64\Debug\link.1256-rc.write.1.tlog
E:\COT\sources\COT version 1\COT version 1\x64\Debug\link.1256.read.1.tlog
E:\COT\sources\COT version 1\COT version 1\x64\Debug\link.1256.write.1.tlog
E:\COT\sources\COT version 1\COT version 1\x64\Debug\link.1348-cvtres.read.1.tlog
E:\COT\sources\COT version 1\COT version 1\x64\Debug\link.1348-cvtres.write.1.tlog
E:\COT\sources\COT version 1\COT version 1\x64\Debug\link.1348-rc.read.1.tlog
E:\COT\sources\COT version 1\COT version 1\x64\Debug\link.1348-rc.write.1.tlog
E:\COT\sources\COT version 1\COT version 1\x64\Debug\link.1348.read.1.tlog
E:\COT\sources\COT version 1\COT version 1\x64\Debug\link.1348.write.1.tlog
E:\COT\sources\COT version 1\COT version 1\x64\Debug\link.1508-cvtres.read.1.tlog
E:\COT\sources\COT version 1\COT version 1\x64\Debug\link.1508-cvtres.write.1.tlog
E:\COT\sources\COT version 1\COT version 1\x64\Debug\link.1508-rc.read.1.tlog
E:\COT\sources\COT version 1\COT version 1\x64\Debug\link.1508-rc.write.1.tlog
E:\COT\sources\COT version 1\COT version 1\x64\Debug\link.1508.read.1.tlog
E:\COT\sources\COT version 1\COT version 1\x64\Debug\link.1508.write.1.tlog
E:\COT\sources\COT version 1\COT version 1\x64\Debug\link.1872-cvtres.read.1.tlog
E:\COT\sources\COT version 1\COT version 1\x64\Debug\link.1872-cvtres.write.1.tlog
E:\COT\sources\COT version 1\COT version 1\x64\Debug\link.1872-rc.read.1.tlog
E:\COT\sources\COT version 1\COT version 1\x64\Debug\link.1872-rc.write.1.tlog
E:\COT\sources\COT version 1\COT version 1\x64\Debug\link.1872.read.1.tlog
E:\COT\sources\COT version 1\COT version 1\x64\Debug\link.1872.write.1.tlog
E:\COT\sources\COT version 1\COT version 1\x64\Debug\link.2044-cvtres.read.1.tlog
E:\COT\sources\COT version 1\COT version 1\x64\Debug\link.2044-cvtres.write.1.tlog
E:\COT\sources\COT version 1\COT version 1\x64\Debug\link.2044-rc.read.1.tlog
E:\COT\sources\COT version 1\COT version 1\x64\Debug\link.2044-rc.write.1.tlog
E:\COT\sources\COT version 1\COT version 1\x64\Debug\link.2044.read.1.tlog
E:\COT\sources\COT version 1\COT version 1\x64\Debug\link.2044.write.1.tlog
E:\COT\sources\COT version 1\COT version 1\x64\Debug\link.2900-cvtres.read.1.tlog
E:\COT\sources\COT version 1\COT version 1\x64\Debug\link.2900-cvtres.write.1.tlog
E:\COT\sources\COT version 1\COT version 1\x64\Debug\link.2900-rc.read.1.tlog
E:\COT\sources\COT version 1\COT version 1\x64\Debug\link.2900-rc.write.1.tlog
E:\COT\sources\COT version 1\COT version 1\x64\Debug\link.2900.read.1.tlog
E:\COT\sources\COT version 1\COT version 1\x64\Debug\link.2900.write.1.tlog
E:\COT\sources\COT version 1\COT version 1\x64\Debug\link.3008-cvtres.read.1.tlog
E:\COT\sources\COT version 1\COT version 1\x64\Debug\link.3008-cvtres.write.1.tlog
E:\COT\sources\COT version 1\COT version 1\x64\Debug\link.3008-rc.read.1.tlog
E:\COT\sources\COT version 1\COT version 1\x64\Debug\link.3008-rc.write.1.tlog
E:\COT\sources\COT version 1\COT version 1\x64\Debug\link.3008.read.1.tlog
E:\COT\sources\COT version 1\COT version 1\x64\Debug\link.3008.write.1.tlog
E:\COT\sources\COT version 1\COT version 1\x64\Debug\link.3056-cvtres.read.1.tlog
E:\COT\sources\COT version 1\COT version 1\x64\Debug\link.3056-cvtres.write.1.tlog
E:\COT\sources\COT version 1\COT version 1\x64\Debug\link.3056-rc.read.1.tlog
E:\COT\sources\COT version 1\COT version 1\x64\Debug\link.3056-rc.write.1.tlog
E:\COT\sources\COT version 1\COT version 1\x64\Debug\link.3056.read.1.tlog
E:\COT\sources\COT version 1\COT version 1\x64\Debug\link.3056.write.1.tlog
E:\COT\sources\COT version 1\COT version 1\x64\Debug\link.320-cvtres.read.1.tlog
E:\COT\sources\COT version 1\COT version 1\x64\Debug\link.320-cvtres.write.1.tlog
E:\COT\sources\COT version 1\COT version 1\x64\Debug\link.320-rc.read.1.tlog
E:\COT\sources\COT version 1\COT version 1\x64\Debug\link.320-rc.write.1.tlog
E:\COT\sources\COT version 1\COT version 1\x64\Debug\link.320.read.1.tlog
E:\COT\sources\COT version 1\COT version 1\x64\Debug\link.320.write.1.tlog
E:\COT\sources\COT version 1\COT version 1\x64\Debug\link.3468-cvtres.read.1.tlog
E:\COT\sources\COT version 1\COT version 1\x64\Debug\link.3468-cvtres.write.1.tlog
E:\COT\sources\COT version 1\COT version 1\x64\Debug\link.3468-rc.read.1.tlog
E:\COT\sources\COT version 1\COT version 1\x64\Debug\link.3468-rc.write.1.tlog
E:\COT\sources\COT version 1\COT version 1\x64\Debug\link.3468.read.1.tlog
E:\COT\sources\COT version 1\COT version 1\x64\Debug\link.3468.write.1.tlog
E:\COT\sources\COT version 1\COT version 1\x64\Debug\link.3652-cvtres.read.1.tlog
E:\COT\sources\COT version 1\COT version 1\x64\Debug\link.3652-cvtres.write.1.tlog
E:\COT\sources\COT version 1\COT version 1\x64\Debug\link.3652-rc.read.1.tlog
E:\COT\sources\COT version 1\COT version 1\x64\Debug\link.3652-rc.write.1.tlog
E:\COT\sources\COT version 1\COT version 1\x64\Debug\link.3652.read.1.tlog
E:\COT\sources\COT version 1\COT version 1\x64\Debug\link.3652.write.1.tlog
E:\COT\sources\COT version 1\COT version 1\x64\Debug\link.3676-cvtres.read.1.tlog
E:\COT\sources\COT version 1\COT version 1\x64\Debug\link.3676-cvtres.write.1.tlog
E:\COT\sources\COT version 1\COT version 1\x64\Debug\link.3676-rc.read.1.tlog
E:\COT\sources\COT version 1\COT version 1\x64\Debug\link.3676-rc.write.1.tlog
E:\COT\sources\COT version 1\COT version 1\x64\Debug\link.3676.read.1.tlog
E:\COT\sources\COT version 1\COT version 1\x64\Debug\link.3676.write.1.tlog
E:\COT\sources\COT version 1\COT version 1\x64\Debug\link.4012-cvtres.read.1.tlog
E:\COT\sources\COT version 1\COT version 1\x64\Debug\link.4012-cvtres.write.1.tlog
E:\COT\sources\COT version 1\COT version 1\x64\Debug\link.4012-rc.read.1.tlog
E:\COT\sources\COT version 1\COT version 1\x64\Debug\link.4012-rc.write.1.tlog
E:\COT\sources\COT version 1\COT version 1\x64\Debug\link.4012.read.1.tlog
E:\COT\sources\COT version 1\COT version 1\x64\Debug\link.4012.write.1.tlog
E:\COT\sources\COT version 1\COT version 1\x64\Debug\link.4248-cvtres.read.1.tlog
E:\COT\sources\COT version 1\COT version 1\x64\Debug\link.4248-cvtres.write.1.tlog
E:\COT\sources\COT version 1\COT version 1\x64\Debug\link.4248-rc.read.1.tlog
E:\COT\sources\COT version 1\COT version 1\x64\Debug\link.4248-rc.write.1.tlog
E:\COT\sources\COT version 1\COT version 1\x64\Debug\link.4248.read.1.tlog
E:\COT\sources\COT version 1\COT version 1\x64\Debug\link.4248.write.1.tlog
E:\COT\sources\COT version 1\COT version 1\x64\Debug\link.4536-cvtres.read.1.tlog
E:\COT\sources\COT version 1\COT version 1\x64\Debug\link.4536-cvtres.write.1.tlog
E:\COT\sources\COT version 1\COT version 1\x64\Debug\link.4536-rc.read.1.tlog
E:\COT\sources\COT version 1\COT version 1\x64\Debug\link.4536-rc.write.1.tlog
E:\COT\sources\COT version 1\COT version 1\x64\Debug\link.4536.read.1.tlog
E:\COT\sources\COT version 1\COT version 1\x64\Debug\link.4536.write.1.tlog
E:\COT\sources\COT version 1\COT version 1\x64\Debug\link.4916-cvtres.read.1.tlog
E:\COT\sources\COT version 1\COT version 1\x64\Debug\link.4916-cvtres.write.1.tlog
E:\COT\sources\COT version 1\COT version 1\x64\Debug\link.4916-rc.read.1.tlog
E:\COT\sources\COT version 1\COT version 1\x64\Debug\link.4916-rc.write.1.tlog
E:\COT\sources\COT version 1\COT version 1\x64\Debug\link.4916.read.1.tlog
E:\COT\sources\COT version 1\COT version 1\x64\Debug\link.4916.write.1.tlog
E:\COT\sources\COT version 1\COT version 1\x64\Debug\link.5408-cvtres.read.1.tlog
E:\COT\sources\COT version 1\COT version 1\x64\Debug\link.5408-cvtres.write.1.tlog
E:\COT\sources\COT version 1\COT version 1\x64\Debug\link.5408-rc.read.1.tlog
E:\COT\sources\COT version 1\COT version 1\x64\Debug\link.5408-rc.write.1.tlog
E:\COT\sources\COT version 1\COT version 1\x64\Debug\link.5408.read.1.tlog
E:\COT\sources\COT version 1\COT version 1\x64\Debug\link.5408.write.1.tlog
E:\COT\sources\COT version 1\COT version 1\x64\Debug\link.5524-cvtres.read.1.tlog
E:\COT\sources\COT version 1\COT version 1\x64\Debug\link.5524-cvtres.write.1.tlog
E:\COT\sources\COT version 1\COT version 1\x64\Debug\link.5524-rc.read.1.tlog
E:\COT\sources\COT version 1\COT version 1\x64\Debug\link.5524-rc.write.1.tlog
E:\COT\sources\COT version 1\COT version 1\x64\Debug\link.5524.read.1.tlog
E:\COT\sources\COT version 1\COT version 1\x64\Debug\link.5524.write.1.tlog
E:\COT\sources\COT version 1\COT version 1\x64\Debug\link.5628-cvtres.read.1.tlog
E:\COT\sources\COT version 1\COT version 1\x64\Debug\link.5628-cvtres.write.1.tlog
E:\COT\sources\COT version 1\COT version 1\x64\Debug\link.5628-rc.read.1.tlog
E:\COT\sources\COT version 1\COT version 1\x64\Debug\link.5628-rc.write.1.tlog
E:\COT\sources\COT version 1\COT version 1\x64\Debug\link.5628.read.1.tlog
E:\COT\sources\COT version 1\COT version 1\x64\Debug\link.5628.write.1.tlog
E:\COT\sources\COT version 1\COT version 1\x64\Debug\link.5688-cvtres.read.1.tlog
E:\COT\sources\COT version 1\COT version 1\x64\Debug\link.5688-cvtres.write.1.tlog
E:\COT\sources\COT version 1\COT version 1\x64\Debug\link.5688-rc.read.1.tlog
E:\COT\sources\COT version 1\COT version 1\x64\Debug\link.5688-rc.write.1.tlog
E:\COT\sources\COT version 1\COT version 1\x64\Debug\link.5688.read.1.tlog
E:\COT\sources\COT version 1\COT version 1\x64\Debug\link.5688.write.1.tlog
E:\COT\sources\COT version 1\COT version 1\x64\Debug\link.5716-cvtres.read.1.tlog
E:\COT\sources\COT version 1\COT version 1\x64\Debug\link.5716-cvtres.write.1.tlog
E:\COT\sources\COT version 1\COT version 1\x64\Debug\link.5716-rc.read.1.tlog
E:\COT\sources\COT version 1\COT version 1\x64\Debug\link.5716-rc.write.1.tlog
E:\COT\sources\COT version 1\COT version 1\x64\Debug\link.5716.read.1.tlog
E:\COT\sources\COT version 1\COT version 1\x64\Debug\link.5716.write.1.tlog
E:\COT\sources\COT version 1\COT version 1\x64\Debug\link.5744-cvtres.read.1.tlog
E:\COT\sources\COT version 1\COT version 1\x64\Debug\link.5744-cvtres.write.1.tlog
E:\COT\sources\COT version 1\COT version 1\x64\Debug\link.5744-rc.read.1.tlog
E:\COT\sources\COT version 1\COT version 1\x64\Debug\link.5744-rc.write.1.tlog
E:\COT\sources\COT version 1\COT version 1\x64\Debug\link.5744.read.1.tlog
E:\COT\sources\COT version 1\COT version 1\x64\Debug\link.5744.write.1.tlog
E:\COT\sources\COT version 1\COT version 1\x64\Debug\link.6004-cvtres.read.1.tlog
E:\COT\sources\COT version 1\COT version 1\x64\Debug\link.6004-cvtres.write.1.tlog
E:\COT\sources\COT version 1\COT version 1\x64\Debug\link.6004-rc.read.1.tlog
E:\COT\sources\COT version 1\COT version 1\x64\Debug\link.6004-rc.write.1.tlog
E:\COT\sources\COT version 1\COT version 1\x64\Debug\link.6004.read.1.tlog
E:\COT\sources\COT version 1\COT version 1\x64\Debug\link.6004.write.1.tlog
E:\COT\sources\COT version 1\COT version 1\x64\Debug\link.6124-cvtres.read.1.tlog
E:\COT\sources\COT version 1\COT version 1\x64\Debug\link.6124-cvtres.write.1.tlog
E:\COT\sources\COT version 1\COT version 1\x64\Debug\link.6124-rc.read.1.tlog
E:\COT\sources\COT version 1\COT version 1\x64\Debug\link.6124-rc.write.1.tlog
E:\COT\sources\COT version 1\COT version 1\x64\Debug\link.6124.read.1.tlog
E:\COT\sources\COT version 1\COT version 1\x64\Debug\link.6124.write.1.tlog
E:\COT\sources\COT version 1\COT version 1\x64\Debug\link.6132-cvtres.read.1.tlog
E:\COT\sources\COT version 1\COT version 1\x64\Debug\link.6132-cvtres.write.1.tlog
E:\COT\sources\COT version 1\COT version 1\x64\Debug\link.6132-rc.read.1.tlog
E:\COT\sources\COT version 1\COT version 1\x64\Debug\link.6132-rc.write.1.tlog
E:\COT\sources\COT version 1\COT version 1\x64\Debug\link.6132.read.1.tlog
E:\COT\sources\COT version 1\COT version 1\x64\Debug\link.6132.write.1.tlog
E:\COT\sources\COT version 1\COT version 1\x64\Debug\link.6140-cvtres.read.1.tlog
E:\COT\sources\COT version 1\COT version 1\x64\Debug\link.6140-cvtres.write.1.tlog
E:\COT\sources\COT version 1\COT version 1\x64\Debug\link.6140-rc.read.1.tlog
E:\COT\sources\COT version 1\COT version 1\x64\Debug\link.6140-rc.write.1.tlog
E:\COT\sources\COT version 1\COT version 1\x64\Debug\link.6140.read.1.tlog
E:\COT\sources\COT version 1\COT version 1\x64\Debug\link.6140.write.1.tlog
E:\COT\sources\COT version 1\COT version 1\x64\Debug\link.6276-cvtres.read.1.tlog
E:\COT\sources\COT version 1\COT version 1\x64\Debug\link.6276-cvtres.write.1.tlog
E:\COT\sources\COT version 1\COT version 1\x64\Debug\link.6276-rc.read.1.tlog
E:\COT\sources\COT version 1\COT version 1\x64\Debug\link.6276-rc.write.1.tlog
E:\COT\sources\COT version 1\COT version 1\x64\Debug\link.6276.read.1.tlog
E:\COT\sources\COT version 1\COT version 1\x64\Debug\link.6276.write.1.tlog
E:\COT\sources\COT version 1\COT version 1\x64\Debug\link.6348-cvtres.read.1.tlog
E:\COT\sources\COT version 1\COT version 1\x64\Debug\link.6348-cvtres.write.1.tlog
E:\COT\sources\COT version 1\COT version 1\x64\Debug\link.6348-rc.read.1.tlog
E:\COT\sources\COT version 1\COT version 1\x64\Debug\link.6348-rc.write.1.tlog
E:\COT\sources\COT version 1\COT version 1\x64\Debug\link.6348.read.1.tlog
E:\COT\sources\COT version 1\COT version 1\x64\Debug\link.6348.write.1.tlog
E:\COT\sources\COT version 1\COT version 1\x64\Debug\link.6364-cvtres.read.1.tlog
E:\COT\sources\COT version 1\COT version 1\x64\Debug\link.6364-cvtres.write.1.tlog
E:\COT\sources\COT version 1\COT version 1\x64\Debug\link.6364-rc.read.1.tlog
E:\COT\sources\COT version 1\COT version 1\x64\Debug\link.6364-rc.write.1.tlog
E:\COT\sources\COT version 1\COT version 1\x64\Debug\link.6364.read.1.tlog
E:\COT\sources\COT version 1\COT version 1\x64\Debug\link.6364.write.1.tlog
E:\COT\sources\COT version 1\COT version 1\x64\Debug\link.6376-cvtres.read.1.tlog
E:\COT\sources\COT version 1\COT version 1\x64\Debug\link.6376-cvtres.write.1.tlog
E:\COT\sources\COT version 1\COT version 1\x64\Debug\link.6376-rc.read.1.tlog
E:\COT\sources\COT version 1\COT version 1\x64\Debug\link.6376-rc.write.1.tlog
E:\COT\sources\COT version 1\COT version 1\x64\Debug\link.6376.read.1.tlog
E:\COT\sources\COT version 1\COT version 1\x64\Debug\link.6376.write.1.tlog
E:\COT\sources\COT version 1\COT version 1\x64\Debug\link.6420-cvtres.read.1.tlog
E:\COT\sources\COT version 1\COT version 1\x64\Debug\link.6420-cvtres.write.1.tlog
E:\COT\sources\COT version 1\COT version 1\x64\Debug\link.6420-rc.read.1.tlog
E:\COT\sources\COT version 1\COT version 1\x64\Debug\link.6420-rc.write.1.tlog
E:\COT\sources\COT version 1\COT version 1\x64\Debug\link.6420.read.1.tlog
E:\COT\sources\COT version 1\COT version 1\x64\Debug\link.6420.write.1.tlog
E:\COT\sources\COT version 1\COT version 1\x64\Debug\link.6552-cvtres.read.1.tlog
E:\COT\sources\COT version 1\COT version 1\x64\Debug\link.6552-cvtres.write.1.tlog
E:\COT\sources\COT version 1\COT version 1\x64\Debug\link.6552-rc.read.1.tlog
E:\COT\sources\COT version 1\COT version 1\x64\Debug\link.6552-rc.write.1.tlog
E:\COT\sources\COT version 1\COT version 1\x64\Debug\link.6552.read.1.tlog
E:\COT\sources\COT version 1\COT version 1\x64\Debug\link.6552.write.1.tlog
E:\COT\sources\COT version 1\COT version 1\x64\Debug\link.6592-cvtres.read.1.tlog
E:\COT\sources\COT version 1\COT version 1\x64\Debug\link.6592-cvtres.write.1.tlog
E:\COT\sources\COT version 1\COT version 1\x64\Debug\link.6592-rc.read.1.tlog
E:\COT\sources\COT version 1\COT version 1\x64\Debug\link.6592-rc.write.1.tlog
E:\COT\sources\COT version 1\COT version 1\x64\Debug\link.6592.read.1.tlog
E:\COT\sources\COT version 1\COT version 1\x64\Debug\link.6592.write.1.tlog
E:\COT\sources\COT version 1\COT version 1\x64\Debug\link.6728-cvtres.read.1.tlog
E:\COT\sources\COT version 1\COT version 1\x64\Debug\link.6728-cvtres.write.1.tlog
E:\COT\sources\COT version 1\COT version 1\x64\Debug\link.6728-rc.read.1.tlog
E:\COT\sources\COT version 1\COT version 1\x64\Debug\link.6728-rc.write.1.tlog
E:\COT\sources\COT version 1\COT version 1\x64\Debug\link.6728.read.1.tlog
E:\COT\sources\COT version 1\COT version 1\x64\Debug\link.6728.write.1.tlog
E:\COT\sources\COT version 1\COT version 1\x64\Debug\link.6760-cvtres.read.1.tlog
E:\COT\sources\COT version 1\COT version 1\x64\Debug\link.6760-cvtres.write.1.tlog
E:\COT\sources\COT version 1\COT version 1\x64\Debug\link.6760-rc.read.1.tlog
E:\COT\sources\COT version 1\COT version 1\x64\Debug\link.6760-rc.write.1.tlog
E:\COT\sources\COT version 1\COT version 1\x64\Debug\link.6760.read.1.tlog
E:\COT\sources\COT version 1\COT version 1\x64\Debug\link.6760.write.1.tlog
E:\COT\sources\COT version 1\COT version 1\x64\Debug\link.6768-cvtres.read.1.tlog
E:\COT\sources\COT version 1\COT version 1\x64\Debug\link.6768-cvtres.write.1.tlog
E:\COT\sources\COT version 1\COT version 1\x64\Debug\link.6768-rc.read.1.tlog
E:\COT\sources\COT version 1\COT version 1\x64\Debug\link.6768-rc.write.1.tlog
E:\COT\sources\COT version 1\COT version 1\x64\Debug\link.6768.read.1.tlog
E:\COT\sources\COT version 1\COT version 1\x64\Debug\link.6768.write.1.tlog
E:\COT\sources\COT version 1\COT version 1\x64\Debug\link.6976-cvtres.read.1.tlog
E:\COT\sources\COT version 1\COT version 1\x64\Debug\link.6976-cvtres.write.1.tlog
E:\COT\sources\COT version 1\COT version 1\x64\Debug\link.6976-rc.read.1.tlog
E:\COT\sources\COT version 1\COT version 1\x64\Debug\link.6976-rc.write.1.tlog
E:\COT\sources\COT version 1\COT version 1\x64\Debug\link.6976.read.1.tlog
E:\COT\sources\COT version 1\COT version 1\x64\Debug\link.6976.write.1.tlog
E:\COT\sources\COT version 1\COT version 1\x64\Debug\link.7008-cvtres.read.1.tlog
E:\COT\sources\COT version 1\COT version 1\x64\Debug\link.7008-cvtres.write.1.tlog
E:\COT\sources\COT version 1\COT version 1\x64\Debug\link.7008-rc.read.1.tlog
E:\COT\sources\COT version 1\COT version 1\x64\Debug\link.7008-rc.write.1.tlog
E:\COT\sources\COT version 1\COT version 1\x64\Debug\link.7008.read.1.tlog
E:\COT\sources\COT version 1\COT version 1\x64\Debug\link.7008.write.1.tlog
E:\COT\sources\COT version 1\COT version 1\x64\Debug\link.7228-cvtres.read.1.tlog
E:\COT\sources\COT version 1\COT version 1\x64\Debug\link.7228-cvtres.write.1.tlog
E:\COT\sources\COT version 1\COT version 1\x64\Debug\link.7228-rc.read.1.tlog
E:\COT\sources\COT version 1\COT version 1\x64\Debug\link.7228-rc.write.1.tlog
E:\COT\sources\COT version 1\COT version 1\x64\Debug\link.7228.read.1.tlog
E:\COT\sources\COT version 1\COT version 1\x64\Debug\link.7228.write.1.tlog
E:\COT\sources\COT version 1\COT version 1\x64\Debug\link.7724-cvtres.read.1.tlog
E:\COT\sources\COT version 1\COT version 1\x64\Debug\link.7724-cvtres.write.1.tlog
E:\COT\sources\COT version 1\COT version 1\x64\Debug\link.7724-rc.read.1.tlog
E:\COT\sources\COT version 1\COT version 1\x64\Debug\link.7724-rc.write.1.tlog
E:\COT\sources\COT version 1\COT version 1\x64\Debug\link.7724.read.1.tlog
E:\COT\sources\COT version 1\COT version 1\x64\Debug\link.7724.write.1.tlog
E:\COT\sources\COT version 1\COT version 1\x64\Debug\link.7844-cvtres.read.1.tlog
E:\COT\sources\COT version 1\COT version 1\x64\Debug\link.7844-cvtres.write.1.tlog
E:\COT\sources\COT version 1\COT version 1\x64\Debug\link.7844-rc.read.1.tlog
E:\COT\sources\COT version 1\COT version 1\x64\Debug\link.7844-rc.write.1.tlog
E:\COT\sources\COT version 1\COT version 1\x64\Debug\link.7844.read.1.tlog
E:\COT\sources\COT version 1\COT version 1\x64\Debug\link.7844.write.1.tlog
E:\COT\sources\COT version 1\COT version 1\x64\Debug\link.7876-cvtres.read.1.tlog
E:\COT\sources\COT version 1\COT version 1\x64\Debug\link.7876-cvtres.write.1.tlog
E:\COT\sources\COT version 1\COT version 1\x64\Debug\link.7876-rc.read.1.tlog
E:\COT\sources\COT version 1\COT version 1\x64\Debug\link.7876-rc.write.1.tlog
E:\COT\sources\COT version 1\COT version 1\x64\Debug\link.7876.read.1.tlog
E:\COT\sources\COT version 1\COT version 1\x64\Debug\link.7876.write.1.tlog
E:\COT\sources\COT version 1\COT version 1\x64\Debug\link.8076-cvtres.read.1.tlog
E:\COT\sources\COT version 1\COT version 1\x64\Debug\link.8076-cvtres.write.1.tlog
E:\COT\sources\COT version 1\COT version 1\x64\Debug\link.8076-rc.read.1.tlog
E:\COT\sources\COT version 1\COT version 1\x64\Debug\link.8076-rc.write.1.tlog
E:\COT\sources\COT version 1\COT version 1\x64\Debug\link.8076.read.1.tlog
E:\COT\sources\COT version 1\COT version 1\x64\Debug\link.8076.write.1.tlog
E:\COT\sources\COT version 1\COT version 1\x64\Debug\link.command.1.tlog
E:\COT\sources\COT version 1\COT version 1\x64\Debug\link.read.1.tlog
E:\COT\sources\COT version 1\COT version 1\x64\Debug\link.write.1.tlog
E:\COT\sources\COT version 1\COT version 1\x64\Debug\vc110.pdb
E:\COT\sources\COT version 1\x64\Debug\COT version 1.pdb
