La génération a démarré 18/02/2015 11:50:11.
     1>Projet "E:\COT\sources\COT\COT version 1\COT version 1.vcxproj" sur le nœud 2 (Build cible(s)).
     1>CustomBuild:
         Moc'ing cotversion1.h...
         Rcc'ing cotversion1.qrc...
     1>RCC : warning : No resources in 'E:\COT\sources\COT\COT version 1\cotversion1.qrc'.
         
         Moc'ing IVariable.h...
         Moc'ing CVariableInt.h...
         Moc'ing CVariableVoie.h...
         Moc'ing CAutomate.h...
         Moc'ing CControlerAutomate.h...
         Moc'ing ICycle.h...
         Moc'ing IAction.h...
         Moc'ing CActionCmdPompe.h...
         Moc'ing CControlerCycle.h...
         Moc'ing CSequenceur.h...
         Moc'ing CCyclePause.h...
         Moc'ing CCycleMesure.h...
         Moc'ing CCycleAutonome.h...
         Moc'ing CCycleMaintenance.h...
         Moc'ing CModelConfigFile.h...
         Moc'ing CActionCmdRelay.h...
         Moc'ing CLinkAction.h...
         Moc'ing CActionFactory.h...
         Moc'ing CCycleFactory.h...
         Moc'ing CVariableFactory.h...
         Moc'ing CActionCmdReadInput.h...
         Moc'ing CVariableUnknow.h...
         Moc'ing CVariableFloat.h...
         Moc'ing CVariableBool.h...
         Moc'ing CVariableString.h...
         Moc'ing CActionUnknow.h...
       ClCompile:
         C:\Program Files (x86)\Microsoft Visual Studio 11.0\VC\bin\x86_amd64\CL.exe /c /I.\GeneratedFiles /I. /I"C:\Qt\qt-5\qtbase\include" /I.\GeneratedFiles\Debug /I"C:\Qt\qt-5\qtbase\include\QtCore" /I"C:\Qt\qt-5\qtbase\include\QtGui" /I"C:\Qt\qt-5\qtbase\include\QtWidgets" /Zi /nologo /W1 /WX- /Od /D UNICODE /D WIN32 /D WIN64 /D QT_DLL /D QT_CORE_LIB /D QT_GUI_LIB /D QT_WIDGETS_LIB /Gm- /EHsc /MDd /GS /fp:precise /Zc:wchar_t- /Zc:forScope /Fo"x64\Debug\\" /Fd"x64\Debug\vc110.pdb" /Gd /TP /errorReport:prompt CActionCmdPompe.cpp CActionCmdReadInput.cpp CActionCmdRelay.cpp CActionFactory.cpp CActionUnknow.cpp CAutomate.cpp CControlerAutomate.cpp CControlerCycle.cpp CCycleAutonome.cpp CCycleFactory.cpp CCycleMaintenance.cpp CCycleMesure.cpp CCyclePause.cpp CLinkAction.cpp CModelConfigFile.cpp cotversion1.cpp CVariableBool.cpp CVariableFloat.cpp CVariableInt.cpp CRunnableCycle.cpp CSequenceur.cpp CVariableFactory.cpp CVariableString.cpp CVariableUnknow.cpp CVariableVoie.cpp GeneratedFiles\Debug\moc_CActionCmdPompe.cpp GeneratedFiles\Debug\moc_CActionCmdReadInput.cpp GeneratedFiles\Debug\moc_CActionCmdRelay.cpp GeneratedFiles\Debug\moc_CActionFactory.cpp GeneratedFiles\Debug\moc_CActionUnknow.cpp GeneratedFiles\Debug\moc_CAutomate.cpp GeneratedFiles\Debug\moc_CControlerAutomate.cpp GeneratedFiles\Debug\moc_CControlerCycle.cpp GeneratedFiles\Debug\moc_CCycleAutonome.cpp GeneratedFiles\Debug\moc_CCycleFactory.cpp GeneratedFiles\Debug\moc_CCycleMaintenance.cpp GeneratedFiles\Debug\moc_CCycleMesure.cpp GeneratedFiles\Debug\moc_CCyclePause.cpp GeneratedFiles\Debug\moc_CLinkAction.cpp GeneratedFiles\Debug\moc_CModelConfigFile.cpp GeneratedFiles\Debug\moc_cotversion1.cpp GeneratedFiles\Debug\moc_CSequenceur.cpp GeneratedFiles\Debug\moc_CVariableBool.cpp GeneratedFiles\Debug\moc_CVariableFactory.cpp GeneratedFiles\Debug\moc_CVariableFloat.cpp GeneratedFiles\Debug\moc_CVariableInt.cpp GeneratedFiles\Debug\moc_CVariableString.cpp GeneratedFiles\Debug\moc_CVariableUnknow.cpp GeneratedFiles\Debug\moc_CVariableVoie.cpp GeneratedFiles\Debug\moc_IAction.cpp GeneratedFiles\Debug\moc_ICycle.cpp GeneratedFiles\Debug\moc_IVariable.cpp IAction.cpp ICycle.cpp ivariable.cpp main.cpp
         CActionCmdPompe.cpp
         CActionCmdReadInput.cpp
         CActionCmdRelay.cpp
         CActionFactory.cpp
         CActionUnknow.cpp
         CAutomate.cpp
         CControlerAutomate.cpp
         CControlerCycle.cpp
         CCycleAutonome.cpp
         CCycleFactory.cpp
         CCycleMaintenance.cpp
         CCycleMesure.cpp
         CCyclePause.cpp
         CLinkAction.cpp
         CModelConfigFile.cpp
         cotversion1.cpp
         CVariableBool.cpp
         CVariableFloat.cpp
         CVariableInt.cpp
         CRunnableCycle.cpp
         Génération de code en cours...
         Compilation en cours...
         CSequenceur.cpp
         CVariableFactory.cpp
         CVariableString.cpp
         CVariableUnknow.cpp
         CVariableVoie.cpp
         moc_CActionCmdPompe.cpp
         moc_CActionCmdReadInput.cpp
         moc_CActionCmdRelay.cpp
         moc_CActionFactory.cpp
         moc_CActionUnknow.cpp
         moc_CAutomate.cpp
         moc_CControlerAutomate.cpp
         moc_CControlerCycle.cpp
         moc_CCycleAutonome.cpp
         moc_CCycleFactory.cpp
         moc_CCycleMaintenance.cpp
         moc_CCycleMesure.cpp
         moc_CCyclePause.cpp
         moc_CLinkAction.cpp
         moc_CModelConfigFile.cpp
         Génération de code en cours...
         Compilation en cours...
         moc_cotversion1.cpp
         moc_CSequenceur.cpp
         moc_CVariableBool.cpp
         moc_CVariableFactory.cpp
         moc_CVariableFloat.cpp
         moc_CVariableInt.cpp
         moc_CVariableString.cpp
         moc_CVariableUnknow.cpp
         moc_CVariableVoie.cpp
         moc_IAction.cpp
         moc_ICycle.cpp
         moc_IVariable.cpp
         IAction.cpp
         ICycle.cpp
         ivariable.cpp
         main.cpp
         Génération de code en cours...
         C:\Program Files (x86)\Microsoft Visual Studio 11.0\VC\bin\x86_amd64\CL.exe /c /I.\GeneratedFiles /I. /I"C:\Qt\qt-5\qtbase\include" /I.\GeneratedFiles\Debug /I"C:\Qt\qt-5\qtbase\include\QtCore" /I"C:\Qt\qt-5\qtbase\include\QtGui" /I"C:\Qt\qt-5\qtbase\include\QtWidgets" /Zi /nologo /W1 /WX- /Od /D UNICODE /D WIN32 /D WIN64 /D QT_DLL /D QT_CORE_LIB /D QT_GUI_LIB /D QT_WIDGETS_LIB /Gm- /EHsc /MDd /GS /fp:precise /Zc:wchar_t- /Zc:forScope /Fo"x64\Debug\\" /Fd"x64\Debug\vc110.pdb" /Gd /TP /errorReport:prompt GeneratedFiles\qrc_cotversion1.cpp
         qrc_cotversion1.cpp
       Link:
         C:\Program Files (x86)\Microsoft Visual Studio 11.0\VC\bin\x86_amd64\link.exe /ERRORREPORT:PROMPT /OUT:"E:\COT\sources\COT\x64\Debug\\COT version 1.exe" /NOLOGO /LIBPATH:"C:\Qt\qt-5\qtbase\lib" qtmaind.lib Qt5Cored.lib Qt5Guid.lib Qt5Widgetsd.lib kernel32.lib user32.lib gdi32.lib winspool.lib comdlg32.lib advapi32.lib shell32.lib ole32.lib oleaut32.lib uuid.lib odbc32.lib odbccp32.lib /MANIFEST /MANIFESTUAC:"level='asInvoker' uiAccess='false'" /manifest:embed /DEBUG /PDB:"E:\COT\sources\COT\x64\Debug\COT version 1.pdb" /SUBSYSTEM:WINDOWS /TLBID:1 /DYNAMICBASE /NXCOMPAT /IMPLIB:"E:\COT\sources\COT\x64\Debug\COT version 1.lib" /MACHINE:X64 x64\Debug\CActionCmdPompe.obj
         x64\Debug\CActionCmdReadInput.obj
         x64\Debug\CActionCmdRelay.obj
         x64\Debug\CActionFactory.obj
         x64\Debug\CActionUnknow.obj
         x64\Debug\CAutomate.obj
         x64\Debug\CControlerAutomate.obj
         x64\Debug\CControlerCycle.obj
         x64\Debug\CCycleAutonome.obj
         x64\Debug\CCycleFactory.obj
         x64\Debug\CCycleMaintenance.obj
         x64\Debug\CCycleMesure.obj
         x64\Debug\CCyclePause.obj
         x64\Debug\CLinkAction.obj
         x64\Debug\CModelConfigFile.obj
         x64\Debug\cotversion1.obj
         x64\Debug\CVariableBool.obj
         x64\Debug\CVariableFloat.obj
         x64\Debug\CVariableInt.obj
         x64\Debug\CRunnableCycle.obj
         x64\Debug\CSequenceur.obj
         x64\Debug\CVariableFactory.obj
         x64\Debug\CVariableString.obj
         x64\Debug\CVariableUnknow.obj
         x64\Debug\CVariableVoie.obj
         x64\Debug\moc_CActionCmdPompe.obj
         x64\Debug\moc_CActionCmdReadInput.obj
         x64\Debug\moc_CActionCmdRelay.obj
         x64\Debug\moc_CActionFactory.obj
         x64\Debug\moc_CActionUnknow.obj
         x64\Debug\moc_CAutomate.obj
         x64\Debug\moc_CControlerAutomate.obj
         x64\Debug\moc_CControlerCycle.obj
         x64\Debug\moc_CCycleAutonome.obj
         x64\Debug\moc_CCycleFactory.obj
         x64\Debug\moc_CCycleMaintenance.obj
         x64\Debug\moc_CCycleMesure.obj
         x64\Debug\moc_CCyclePause.obj
         x64\Debug\moc_CLinkAction.obj
         x64\Debug\moc_CModelConfigFile.obj
         x64\Debug\moc_cotversion1.obj
         x64\Debug\moc_CSequenceur.obj
         x64\Debug\moc_CVariableBool.obj
         x64\Debug\moc_CVariableFactory.obj
         x64\Debug\moc_CVariableFloat.obj
         x64\Debug\moc_CVariableInt.obj
         x64\Debug\moc_CVariableString.obj
         x64\Debug\moc_CVariableUnknow.obj
         x64\Debug\moc_CVariableVoie.obj
         x64\Debug\moc_IAction.obj
         x64\Debug\moc_ICycle.obj
         x64\Debug\moc_IVariable.obj
         x64\Debug\qrc_cotversion1.obj
         x64\Debug\IAction.obj
         x64\Debug\ICycle.obj
         x64\Debug\ivariable.obj
         x64\Debug\main.obj
         COT version 1.vcxproj -> E:\COT\sources\COT\x64\Debug\COT version 1.exe
     1>Génération du projet "E:\COT\sources\COT\COT version 1\COT version 1.vcxproj" terminée (Build cible(s)).

La génération a réussi.

Temps écoulé 00:00:32.70
